[     139ms] [INFO] %cDownload the React DevTools for a better development experience: https://react.dev/link/react-devtools font-weight:bold @ http://localhost:3000/_next/static/chunks/node_modules_next_dist_1ybzpk2._.js:2477
[     233ms] [LOG] [HMR] connected @ http://localhost:3000/_next/static/chunks/node_modules_next_dist_1ybzpk2._.js:2477
[   26451ms] [VERBOSE] [DOM] Password field is not contained in a form: (More info: https://goo.gl/9p2vKq) %o @ http://localhost:3000/:0
[  165680ms] [VERBOSE] [DOM] Password field is not contained in a form: (More info: https://goo.gl/9p2vKq) %o @ http://localhost:3000/:0
[  275752ms] [LOG] [Fast Refresh] rebuilding @ http://localhost:3000/_next/static/chunks/node_modules_next_dist_1ybzpk2._.js:2477
[  275764ms] [ERROR] ./src/app/page.tsx:215:12
the name `applySeedFallback` is defined multiple times
  213 |   }, [highLevelDescription, applyProcessedData, applySeedFallback]);
  214 |
> 215 |   function applySeedFallback(desc: string) {
      |            ^^^^^^^^^^^^^^^^^
  216 |     const store = useStore.getState();
  217 |     store.clearAll();
  218 |

Ecmascript file had an error

Import traces:
  Client Component Browser:
    ./src/app/page.tsx [Client Component Browser]
    ./src/app/page.tsx [Server Component]

  Client Component SSR:
    ./src/app/page.tsx [Client Component SSR]
    ./src/app/page.tsx [Server Component] @ http://localhost:3000/_next/static/chunks/node_modules_next_dist_1ybzpk2._.js:3318
[  275859ms] [ERROR] ./src/app/page.tsx:215:12
the name `applySeedFallback` is defined multiple times
  213 |   }, [highLevelDescription, applyProcessedData, applySeedFallback]);
  214 |
> 215 |   function applySeedFallback(desc: string) {
      |            ^^^^^^^^^^^^^^^^^
  216 |     const store = useStore.getState();
  217 |     store.clearAll();
  218 |

Ecmascript file had an error

Import traces:
  Client Component Browser:
    ./src/app/page.tsx [Client Component Browser]
    ./src/app/page.tsx [Server Component]

  Client Component SSR:
    ./src/app/page.tsx [Client Component SSR]
    ./src/app/page.tsx [Server Component] @ http://localhost:3000/_next/static/chunks/node_modules_next_dist_1ybzpk2._.js:3318
[  275962ms] [LOG] [Fast Refresh] rebuilding @ http://localhost:3000/_next/static/chunks/node_modules_next_dist_1ybzpk2._.js:2477
[  276330ms] [ERROR] ./src/app/page.tsx:215:12
the name `applySeedFallback` is defined multiple times
  213 |   }, [highLevelDescription, applyProcessedData, applySeedFallback]);
  214 |
> 215 |   function applySeedFallback(desc: string) {
      |            ^^^^^^^^^^^^^^^^^
  216 |     const store = useStore.getState();
  217 |     store.clearAll();
  218 |

Ecmascript file had an error

Import traces:
  Client Component Browser:
    ./src/app/page.tsx [Client Component Browser]
    ./src/app/page.tsx [Server Component]

  Client Component SSR:
    ./src/app/page.tsx [Client Component SSR]
    ./src/app/page.tsx [Server Component] @ http://localhost:3000/_next/static/chunks/node_modules_next_dist_1ybzpk2._.js:3318
[  276397ms] [ERROR] ./src/app/page.tsx:215:12
the name `applySeedFallback` is defined multiple times
  213 |   }, [highLevelDescription, applyProcessedData, applySeedFallback]);
  214 |
> 215 |   function applySeedFallback(desc: string) {
      |            ^^^^^^^^^^^^^^^^^
  216 |     const store = useStore.getState();
  217 |     store.clearAll();
  218 |

Ecmascript file had an error

Import traces:
  Client Component Browser:
    ./src/app/page.tsx [Client Component Browser]
    ./src/app/page.tsx [Server Component]

  Client Component SSR:
    ./src/app/page.tsx [Client Component SSR]
    ./src/app/page.tsx [Server Component] @ http://localhost:3000/_next/static/chunks/node_modules_next_dist_1ybzpk2._.js:3318
[  276505ms] [LOG] [Fast Refresh] rebuilding @ http://localhost:3000/_next/static/chunks/node_modules_next_dist_1ybzpk2._.js:2477
[  276864ms] [ERROR] ./src/app/page.tsx:215:12
the name `applySeedFallback` is defined multiple times
  213 |   }, [highLevelDescription, applyProcessedData, applySeedFallback]);
  214 |
> 215 |   function applySeedFallback(desc: string) {
      |            ^^^^^^^^^^^^^^^^^
  216 |     const store = useStore.getState();
  217 |     store.clearAll();
  218 |

Ecmascript file had an error

Import traces:
  Client Component Browser:
    ./src/app/page.tsx [Client Component Browser]
    ./src/app/page.tsx [Server Component]

  Client Component SSR:
    ./src/app/page.tsx [Client Component SSR]
    ./src/app/page.tsx [Server Component] @ http://localhost:3000/_next/static/chunks/node_modules_next_dist_1ybzpk2._.js:3318
[  277078ms] [ERROR] Failed to load resource: the server responded with a status of 500 (Internal Server Error) @ http://localhost:3000/?_rsc=q3mOO9BClNZHexY7:0
[  277114ms] [ERROR] Failed to load resource: the server responded with a status of 500 (Internal Server Error) @ http://localhost:3000/:0
[  277180ms] [INFO] %cDownload the React DevTools for a better development experience: https://react.dev/link/react-devtools font-weight:bold @ http://localhost:3000/_next/static/chunks/node_modules_react-dom_0kla17-._.js:15305
[  277242ms] Error: ./src/app/page.tsx:215:12
the name `applySeedFallback` is defined multiple times
  213 |   }, [highLevelDescription, applyProcessedData, applySeedFallback]);
  214 |
> 215 |   function applySeedFallback(desc: string) {
      |            ^^^^^^^^^^^^^^^^^
  216 |     const store = useStore.getState();
  217 |     store.clearAll();
  218 |

Ecmascript file had an error

Import traces:
  Client Component Browser:
    ./src/app/page.tsx [Client Component Browser]
    ./src/app/page.tsx [Server Component]

  Client Component SSR:
    ./src/app/page.tsx [Client Component SSR]
    ./src/app/page.tsx [Server Component]


    at <unknown> (Error: ./src/app/page.tsx:215:12)
    at Object.getCompilationErrors (file://C:\Users\Charles\Desktop\Projects\Prompt studio\prompt-studio\node_modules\next\dist\server\dev\hot-reloader-turbopack.js:1186:59)
    at DevBundlerService.getCompilationError (file://C:\Users\Charles\Desktop\Projects\Prompt studio\prompt-studio\node_modules\next\dist\server\lib\dev-bundler-service.js:44:55)
    at DevServer.getCompilationError (file://C:\Users\Charles\Desktop\Projects\Prompt studio\prompt-studio\node_modules\next\dist\server\dev\next-dev-server.js:720:42)
    at DevServer.findPageComponents (file://C:\Users\Charles\Desktop\Projects\Prompt studio\prompt-studio\node_modules\next\dist\server\dev\next-dev-server.js:690:43)
    at async DevServer.renderErrorToResponseImpl (file://C:\Users\Charles\Desktop\Projects\Prompt studio\prompt-studio\node_modules\next\dist\server\base-server.js:1753:26)
[  277244ms] [LOG] [HMR] connected @ http://localhost:3000/_next/static/chunks/node_modules_next_dist_1gdrd03._.js:1226
[  277246ms] [ERROR] ./src/app/page.tsx:215:12
the name `applySeedFallback` is defined multiple times
  213 |   }, [highLevelDescription, applyProcessedData, applySeedFallback]);
  214 |
> 215 |   function applySeedFallback(desc: string) {
      |            ^^^^^^^^^^^^^^^^^
  216 |     const store = useStore.getState();
  217 |     store.clearAll();
  218 |

Ecmascript file had an error

Import traces:
  Client Component Browser:
    ./src/app/page.tsx [Client Component Browser]
    ./src/app/page.tsx [Server Component]

  Client Component SSR:
    ./src/app/page.tsx [Client Component SSR]
    ./src/app/page.tsx [Server Component] @ http://localhost:3000/_next/static/chunks/node_modules_next_dist_1gdrd03._.js:1945
[  277311ms] [ERROR] ./src/app/page.tsx:215:12
the name `applySeedFallback` is defined multiple times
  213 |   }, [highLevelDescription, applyProcessedData, applySeedFallback]);
  214 |
> 215 |   function applySeedFallback(desc: string) {
      |            ^^^^^^^^^^^^^^^^^
  216 |     const store = useStore.getState();
  217 |     store.clearAll();
  218 |

Ecmascript file had an error

Import traces:
  Client Component Browser:
    ./src/app/page.tsx [Client Component Browser]
    ./src/app/page.tsx [Server Component]

  Client Component SSR:
    ./src/app/page.tsx [Client Component SSR]
    ./src/app/page.tsx [Server Component] @ http://localhost:3000/_next/static/chunks/node_modules_next_dist_1gdrd03._.js:1945
[  277348ms] [LOG] [Fast Refresh] rebuilding @ http://localhost:3000/_next/static/chunks/node_modules_next_dist_1gdrd03._.js:1226
[  281214ms] [ERROR] ./src/app/page.tsx:215:12
the name `applySeedFallback` is defined multiple times
  213 |   }, [highLevelDescription, applyProcessedData, applySeedFallback]);
  214 |
> 215 |   function applySeedFallback(desc: string) {
      |            ^^^^^^^^^^^^^^^^^
  216 |     const store = useStore.getState();
  217 |     store.clearAll();
  218 |

Ecmascript file had an error

Import traces:
  Client Component Browser:
    ./src/app/page.tsx [Client Component Browser]
    ./src/app/page.tsx [Server Component]

  Client Component SSR:
    ./src/app/page.tsx [Client Component SSR]
    ./src/app/page.tsx [Server Component] @ http://localhost:3000/_next/static/chunks/node_modules_next_dist_1gdrd03._.js:1945
[  281261ms] [ERROR] ./src/app/page.tsx:215:12
the name `applySeedFallback` is defined multiple times
  213 |   }, [highLevelDescription, applyProcessedData, applySeedFallback]);
  214 |
> 215 |   function applySeedFallback(desc: string) {
      |            ^^^^^^^^^^^^^^^^^
  216 |     const store = useStore.getState();
  217 |     store.clearAll();
  218 |

Ecmascript file had an error

Import traces:
  Client Component Browser:
    ./src/app/page.tsx [Client Component Browser]
    ./src/app/page.tsx [Server Component]

  Client Component SSR:
    ./src/app/page.tsx [Client Component SSR]
    ./src/app/page.tsx [Server Component] @ http://localhost:3000/_next/static/chunks/node_modules_next_dist_1gdrd03._.js:1945
[  281316ms] [LOG] [Fast Refresh] rebuilding @ http://localhost:3000/_next/static/chunks/node_modules_next_dist_1gdrd03._.js:1226
[  284205ms] [ERROR] ./src/app/page.tsx:215:12
the name `applySeedFallback` is defined multiple times
  213 |   }, [highLevelDescription, applyProcessedData, applySeedFallback]);
  214 |
> 215 |   function applySeedFallback(desc: string) {
      |            ^^^^^^^^^^^^^^^^^
  216 |     const store = useStore.getState();
  217 |     store.clearAll();
  218 |

Ecmascript file had an error

Import traces:
  Client Component Browser:
    ./src/app/page.tsx [Client Component Browser]
    ./src/app/page.tsx [Server Component]

  Client Component SSR:
    ./src/app/page.tsx [Client Component SSR]
    ./src/app/page.tsx [Server Component] @ http://localhost:3000/_next/static/chunks/node_modules_next_dist_1gdrd03._.js:1945
[  284227ms] [LOG] [Fast Refresh] rebuilding @ http://localhost:3000/_next/static/chunks/node_modules_next_dist_1gdrd03._.js:1226
[  288525ms] [ERROR] ./src/app/page.tsx:215:12
the name `applySeedFallback` is defined multiple times
  213 |   }, [highLevelDescription, applyProcessedData, applySeedFallback]);
  214 |
> 215 |   function applySeedFallback(desc: string) {
      |            ^^^^^^^^^^^^^^^^^
  216 |     const store = useStore.getState();
  217 |     store.clearAll();
  218 |

Ecmascript file had an error

Import traces:
  Client Component Browser:
    ./src/app/page.tsx [Client Component Browser]
    ./src/app/page.tsx [Server Component]

  Client Component SSR:
    ./src/app/page.tsx [Client Component SSR]
    ./src/app/page.tsx [Server Component] @ http://localhost:3000/_next/static/chunks/node_modules_next_dist_1gdrd03._.js:1945
[  288548ms] [LOG] [Fast Refresh] rebuilding @ http://localhost:3000/_next/static/chunks/node_modules_next_dist_1gdrd03._.js:1226
[  288825ms] [ERROR] ./src/app/page.tsx:215:12
the name `applySeedFallback` is defined multiple times
  213 |   }, [highLevelDescription, applyProcessedData, applySeedFallback]);
  214 |
> 215 |   function applySeedFallback(desc: string) {
      |            ^^^^^^^^^^^^^^^^^
  216 |     const store = useStore.getState();
  217 |     store.clearAll();
  218 |

Ecmascript file had an error

Import traces:
  Client Component Browser:
    ./src/app/page.tsx [Client Component Browser]
    ./src/app/page.tsx [Server Component]

  Client Component SSR:
    ./src/app/page.tsx [Client Component SSR]
    ./src/app/page.tsx [Server Component] @ http://localhost:3000/_next/static/chunks/node_modules_next_dist_1gdrd03._.js:1945
[  288849ms] [LOG] [Fast Refresh] rebuilding @ http://localhost:3000/_next/static/chunks/node_modules_next_dist_1gdrd03._.js:1226
[  292122ms] [ERROR] ./src/app/page.tsx:215:12
the name `applySeedFallback` is defined multiple times
  213 |   }, [highLevelDescription, applyProcessedData, applySeedFallback]);
  214 |
> 215 |   function applySeedFallback(desc: string) {
      |            ^^^^^^^^^^^^^^^^^
  216 |     const store = useStore.getState();
  217 |     store.clearAll();
  218 |

Ecmascript file had an error

Import traces:
  Client Component Browser:
    ./src/app/page.tsx [Client Component Browser]
    ./src/app/page.tsx [Server Component]

  Client Component SSR:
    ./src/app/page.tsx [Client Component SSR]
    ./src/app/page.tsx [Server Component] @ http://localhost:3000/_next/static/chunks/node_modules_next_dist_1gdrd03._.js:1945
[  292145ms] [LOG] [Fast Refresh] rebuilding @ http://localhost:3000/_next/static/chunks/node_modules_next_dist_1gdrd03._.js:1226
[  292415ms] [ERROR] ./src/app/page.tsx:215:12
the name `applySeedFallback` is defined multiple times
  213 |   }, [highLevelDescription, applyProcessedData, applySeedFallback]);
  214 |
> 215 |   function applySeedFallback(desc: string) {
      |            ^^^^^^^^^^^^^^^^^
  216 |     const store = useStore.getState();
  217 |     store.clearAll();
  218 |

Ecmascript file had an error

Import traces:
  Client Component Browser:
    ./src/app/page.tsx [Client Component Browser]
    ./src/app/page.tsx [Server Component]

  Client Component SSR:
    ./src/app/page.tsx [Client Component SSR]
    ./src/app/page.tsx [Server Component] @ http://localhost:3000/_next/static/chunks/node_modules_next_dist_1gdrd03._.js:1945
[  292440ms] [LOG] [Fast Refresh] rebuilding @ http://localhost:3000/_next/static/chunks/node_modules_next_dist_1gdrd03._.js:1226
[  299267ms] [LOG] [Fast Refresh] rebuilding @ http://localhost:3000/_next/static/chunks/node_modules_next_dist_1gdrd03._.js:1226
[  299268ms] [ERROR] ./src/app/page.tsx:215:12
the name `applySeedFallback` is defined multiple times
  213 |   }, [highLevelDescription, applyProcessedData, applySeedFallback]);
  214 |
> 215 |   function applySeedFallback(desc: string) {
      |            ^^^^^^^^^^^^^^^^^
  216 |     const store = useStore.getState();
  217 |     store.clearAll();
  218 |

Ecmascript file had an error

Import traces:
  Client Component Browser:
    ./src/app/page.tsx [Client Component Browser]
    ./src/app/page.tsx [Server Component]

  Client Component SSR:
    ./src/app/page.tsx [Client Component SSR]
    ./src/app/page.tsx [Server Component] @ http://localhost:3000/_next/static/chunks/node_modules_next_dist_1gdrd03._.js:1945
[  299360ms] [ERROR] ./src/app/page.tsx:215:12
the name `applySeedFallback` is defined multiple times
  213 |   }, [highLevelDescription, applyProcessedData, applySeedFallback]);
  214 |
> 215 |   function applySeedFallback(desc: string) {
      |            ^^^^^^^^^^^^^^^^^
  216 |     const store = useStore.getState();
  217 |     store.clearAll();
  218 |

Ecmascript file had an error

Import traces:
  Client Component Browser:
    ./src/app/page.tsx [Client Component Browser]
    ./src/app/page.tsx [Server Component]

  Client Component SSR:
    ./src/app/page.tsx [Client Component SSR]
    ./src/app/page.tsx [Server Component] @ http://localhost:3000/_next/static/chunks/node_modules_next_dist_1gdrd03._.js:1945
[  299382ms] [ERROR] Failed to load resource: the server responded with a status of 500 (Internal Server Error) @ http://localhost:3000/:0
[  299409ms] [INFO] %cDownload the React DevTools for a better development experience: https://react.dev/link/react-devtools font-weight:bold @ http://localhost:3000/_next/static/chunks/node_modules_react-dom_0kla17-._.js:15305
[  299422ms] Error: ./src/app/page.tsx:215:12
the name `applySeedFallback` is defined multiple times
  213 |   }, [highLevelDescription, applyProcessedData, applySeedFallback]);
  214 |
> 215 |   function applySeedFallback(desc: string) {
      |            ^^^^^^^^^^^^^^^^^
  216 |     const store = useStore.getState();
  217 |     store.clearAll();
  218 |

Ecmascript file had an error

Import traces:
  Client Component Browser:
    ./src/app/page.tsx [Client Component Browser]
    ./src/app/page.tsx [Server Component]

  Client Component SSR:
    ./src/app/page.tsx [Client Component SSR]
    ./src/app/page.tsx [Server Component]


    at <unknown> (Error: ./src/app/page.tsx:215:12)
    at Object.getCompilationErrors (file://C:\Users\Charles\Desktop\Projects\Prompt studio\prompt-studio\node_modules\next\dist\server\dev\hot-reloader-turbopack.js:1186:59)
    at DevBundlerService.getCompilationError (file://C:\Users\Charles\Desktop\Projects\Prompt studio\prompt-studio\node_modules\next\dist\server\lib\dev-bundler-service.js:44:55)
    at DevServer.getCompilationError (file://C:\Users\Charles\Desktop\Projects\Prompt studio\prompt-studio\node_modules\next\dist\server\dev\next-dev-server.js:720:42)
    at DevServer.findPageComponents (file://C:\Users\Charles\Desktop\Projects\Prompt studio\prompt-studio\node_modules\next\dist\server\dev\next-dev-server.js:690:43)
    at async DevServer.renderErrorToResponseImpl (file://C:\Users\Charles\Desktop\Projects\Prompt studio\prompt-studio\node_modules\next\dist\server\base-server.js:1753:26)
[  299423ms] [LOG] [HMR] connected @ http://localhost:3000/_next/static/chunks/node_modules_next_dist_1gdrd03._.js:1226
[  299424ms] [ERROR] ./src/app/page.tsx:215:12
the name `applySeedFallback` is defined multiple times
  213 |   }, [highLevelDescription, applyProcessedData, applySeedFallback]);
  214 |
> 215 |   function applySeedFallback(desc: string) {
      |            ^^^^^^^^^^^^^^^^^
  216 |     const store = useStore.getState();
  217 |     store.clearAll();
  218 |

Ecmascript file had an error

Import traces:
  Client Component Browser:
    ./src/app/page.tsx [Client Component Browser]
    ./src/app/page.tsx [Server Component]

  Client Component SSR:
    ./src/app/page.tsx [Client Component SSR]
    ./src/app/page.tsx [Server Component] @ http://localhost:3000/_next/static/chunks/node_modules_next_dist_1gdrd03._.js:1945
[  299461ms] [ERROR] ./src/app/page.tsx:215:12
the name `applySeedFallback` is defined multiple times
  213 |   }, [highLevelDescription, applyProcessedData, applySeedFallback]);
  214 |
> 215 |   function applySeedFallback(desc: string) {
      |            ^^^^^^^^^^^^^^^^^
  216 |     const store = useStore.getState();
  217 |     store.clearAll();
  218 |

Ecmascript file had an error

Import traces:
  Client Component Browser:
    ./src/app/page.tsx [Client Component Browser]
    ./src/app/page.tsx [Server Component]

  Client Component SSR:
    ./src/app/page.tsx [Client Component SSR]
    ./src/app/page.tsx [Server Component] @ http://localhost:3000/_next/static/chunks/node_modules_next_dist_1gdrd03._.js:1945
[  299553ms] [ERROR] ./src/app/page.tsx:215:12
the name `applySeedFallback` is defined multiple times
  213 |   }, [highLevelDescription, applyProcessedData, applySeedFallback]);
  214 |
> 215 |   function applySeedFallback(desc: string) {
      |            ^^^^^^^^^^^^^^^^^
  216 |     const store = useStore.getState();
  217 |     store.clearAll();
  218 |

Ecmascript file had an error

Import traces:
  Client Component Browser:
    ./src/app/page.tsx [Client Component Browser]
    ./src/app/page.tsx [Server Component]

  Client Component SSR:
    ./src/app/page.tsx [Client Component SSR]
    ./src/app/page.tsx [Server Component] @ http://localhost:3000/_next/static/chunks/node_modules_next_dist_1gdrd03._.js:1945
[  299578ms] [LOG] [Fast Refresh] rebuilding @ http://localhost:3000/_next/static/chunks/node_modules_next_dist_1gdrd03._.js:1226
[  303859ms] [ERROR] ./src/app/page.tsx:215:12
the name `applySeedFallback` is defined multiple times
  213 |   }, [highLevelDescription, applyProcessedData, applySeedFallback]);
  214 |
> 215 |   function applySeedFallback(desc: string) {
      |            ^^^^^^^^^^^^^^^^^
  216 |     const store = useStore.getState();
  217 |     store.clearAll();
  218 |

Ecmascript file had an error

Import traces:
  Client Component Browser:
    ./src/app/page.tsx [Client Component Browser]
    ./src/app/page.tsx [Server Component]

  Client Component SSR:
    ./src/app/page.tsx [Client Component SSR]
    ./src/app/page.tsx [Server Component] @ http://localhost:3000/_next/static/chunks/node_modules_next_dist_1gdrd03._.js:1945
[  303883ms] [LOG] [Fast Refresh] rebuilding @ http://localhost:3000/_next/static/chunks/node_modules_next_dist_1gdrd03._.js:1226
[  304145ms] [ERROR] ./src/app/page.tsx:215:12
the name `applySeedFallback` is defined multiple times
  213 |   }, [highLevelDescription, applyProcessedData, applySeedFallback]);
  214 |
> 215 |   function applySeedFallback(desc: string) {
      |            ^^^^^^^^^^^^^^^^^
  216 |     const store = useStore.getState();
  217 |     store.clearAll();
  218 |

Ecmascript file had an error

Import traces:
  Client Component Browser:
    ./src/app/page.tsx [Client Component Browser]
    ./src/app/page.tsx [Server Component]

  Client Component SSR:
    ./src/app/page.tsx [Client Component SSR]
    ./src/app/page.tsx [Server Component] @ http://localhost:3000/_next/static/chunks/node_modules_next_dist_1gdrd03._.js:1945
[  304168ms] [LOG] [Fast Refresh] rebuilding @ http://localhost:3000/_next/static/chunks/node_modules_next_dist_1gdrd03._.js:1226
[  309158ms] [ERROR] ./src/app/page.tsx:215:12
the name `applySeedFallback` is defined multiple times
  213 |   }, [highLevelDescription, applyProcessedData, applySeedFallback]);
  214 |
> 215 |   function applySeedFallback(desc: string) {
      |            ^^^^^^^^^^^^^^^^^
  216 |     const store = useStore.getState();
  217 |     store.clearAll();
  218 |

Ecmascript file had an error

Import traces:
  Client Component Browser:
    ./src/app/page.tsx [Client Component Browser]
    ./src/app/page.tsx [Server Component]

  Client Component SSR:
    ./src/app/page.tsx [Client Component SSR]
    ./src/app/page.tsx [Server Component] @ http://localhost:3000/_next/static/chunks/node_modules_next_dist_1gdrd03._.js:1945
[  309164ms] [LOG] [Fast Refresh] rebuilding @ http://localhost:3000/_next/static/chunks/node_modules_next_dist_1gdrd03._.js:1226
[  309615ms] [ERROR] ./src/app/page.tsx:215:12
the name `applySeedFallback` is defined multiple times
  213 |   }, [highLevelDescription, applyProcessedData, applySeedFallback]);
  214 |
> 215 |   function applySeedFallback(desc: string) {
      |            ^^^^^^^^^^^^^^^^^
  216 |     const store = useStore.getState();
  217 |     store.clearAll();
  218 |

Ecmascript file had an error

Import traces:
  Client Component Browser:
    ./src/app/page.tsx [Client Component Browser]
    ./src/app/page.tsx [Server Component]

  Client Component SSR:
    ./src/app/page.tsx [Client Component SSR]
    ./src/app/page.tsx [Server Component] @ http://localhost:3000/_next/static/chunks/node_modules_next_dist_1gdrd03._.js:1945
[  309670ms] [LOG] [Fast Refresh] rebuilding @ http://localhost:3000/_next/static/chunks/node_modules_next_dist_1gdrd03._.js:1226
[  309976ms] [ERROR] ./src/app/page.tsx:215:12
the name `applySeedFallback` is defined multiple times
  213 |   }, [highLevelDescription, applyProcessedData, applySeedFallback]);
  214 |
> 215 |   function applySeedFallback(desc: string) {
      |            ^^^^^^^^^^^^^^^^^
  216 |     const store = useStore.getState();
  217 |     store.clearAll();
  218 |

Ecmascript file had an error

Import traces:
  Client Component Browser:
    ./src/app/page.tsx [Client Component Browser]
    ./src/app/page.tsx [Server Component]

  Client Component SSR:
    ./src/app/page.tsx [Client Component SSR]
    ./src/app/page.tsx [Server Component] @ http://localhost:3000/_next/static/chunks/node_modules_next_dist_1gdrd03._.js:1945
[  310030ms] [LOG] [Fast Refresh] rebuilding @ http://localhost:3000/_next/static/chunks/node_modules_next_dist_1gdrd03._.js:1226
[  311411ms] [ERROR] ./src/app/page.tsx:215:12
the name `applySeedFallback` is defined multiple times
  213 |   }, [highLevelDescription, applyProcessedData, applySeedFallback]);
  214 |
> 215 |   function applySeedFallback(desc: string) {
      |            ^^^^^^^^^^^^^^^^^
  216 |     const store = useStore.getState();
  217 |     store.clearAll();
  218 |

Ecmascript file had an error

Import traces:
  Client Component Browser:
    ./src/app/page.tsx [Client Component Browser]
    ./src/app/page.tsx [Server Component]

  Client Component SSR:
    ./src/app/page.tsx [Client Component SSR]
    ./src/app/page.tsx [Server Component] @ http://localhost:3000/_next/static/chunks/node_modules_next_dist_1gdrd03._.js:1945
[  311466ms] [LOG] [Fast Refresh] rebuilding @ http://localhost:3000/_next/static/chunks/node_modules_next_dist_1gdrd03._.js:1226
[  311724ms] [ERROR] ./src/app/page.tsx:215:12
the name `applySeedFallback` is defined multiple times
  213 |   }, [highLevelDescription, applyProcessedData, applySeedFallback]);
  214 |
> 215 |   function applySeedFallback(desc: string) {
      |            ^^^^^^^^^^^^^^^^^
  216 |     const store = useStore.getState();
  217 |     store.clearAll();
  218 |

Ecmascript file had an error

Import traces:
  Client Component Browser:
    ./src/app/page.tsx [Client Component Browser]
    ./src/app/page.tsx [Server Component]

  Client Component SSR:
    ./src/app/page.tsx [Client Component SSR]
    ./src/app/page.tsx [Server Component] @ http://localhost:3000/_next/static/chunks/node_modules_next_dist_1gdrd03._.js:1945
[  311778ms] [LOG] [Fast Refresh] rebuilding @ http://localhost:3000/_next/static/chunks/node_modules_next_dist_1gdrd03._.js:1226
[  312066ms] [ERROR] ./src/app/page.tsx:215:12
the name `applySeedFallback` is defined multiple times
  213 |   }, [highLevelDescription, applyProcessedData, applySeedFallback]);
  214 |
> 215 |   function applySeedFallback(desc: string) {
      |            ^^^^^^^^^^^^^^^^^
  216 |     const store = useStore.getState();
  217 |     store.clearAll();
  218 |

Ecmascript file had an error

Import traces:
  Client Component Browser:
    ./src/app/page.tsx [Client Component Browser]
    ./src/app/page.tsx [Server Component]

  Client Component SSR:
    ./src/app/page.tsx [Client Component SSR]
    ./src/app/page.tsx [Server Component] @ http://localhost:3000/_next/static/chunks/node_modules_next_dist_1gdrd03._.js:1945
[  312091ms] [LOG] [Fast Refresh] rebuilding @ http://localhost:3000/_next/static/chunks/node_modules_next_dist_1gdrd03._.js:1226
[  316156ms] [ERROR] ./src/app/page.tsx:215:12
the name `applySeedFallback` is defined multiple times
  213 |   }, [highLevelDescription, applyProcessedData, applySeedFallback]);
  214 |
> 215 |   function applySeedFallback(desc: string) {
      |            ^^^^^^^^^^^^^^^^^
  216 |     const store = useStore.getState();
  217 |     store.clearAll();
  218 |

Ecmascript file had an error

Import traces:
  Client Component Browser:
    ./src/app/page.tsx [Client Component Browser]
    ./src/app/page.tsx [Server Component]

  Client Component SSR:
    ./src/app/page.tsx [Client Component SSR]
    ./src/app/page.tsx [Server Component] @ http://localhost:3000/_next/static/chunks/node_modules_next_dist_1gdrd03._.js:1945
[  316209ms] [LOG] [Fast Refresh] rebuilding @ http://localhost:3000/_next/static/chunks/node_modules_next_dist_1gdrd03._.js:1226
[  319303ms] [ERROR] ./src/app/page.tsx:215:12
the name `applySeedFallback` is defined multiple times
  213 |   }, [highLevelDescription, applyProcessedData, applySeedFallback]);
  214 |
> 215 |   function applySeedFallback(desc: string) {
      |            ^^^^^^^^^^^^^^^^^
  216 |     const store = useStore.getState();
  217 |     store.clearAll();
  218 |

Ecmascript file had an error

Import traces:
  Client Component Browser:
    ./src/app/page.tsx [Client Component Browser]
    ./src/app/page.tsx [Server Component]

  Client Component SSR:
    ./src/app/page.tsx [Client Component SSR]
    ./src/app/page.tsx [Server Component] @ http://localhost:3000/_next/static/chunks/node_modules_next_dist_1gdrd03._.js:1945
[  319326ms] [LOG] [Fast Refresh] rebuilding @ http://localhost:3000/_next/static/chunks/node_modules_next_dist_1gdrd03._.js:1226
[  325181ms] [LOG] [Fast Refresh] rebuilding @ http://localhost:3000/_next/static/chunks/node_modules_next_dist_1gdrd03._.js:1226
[  325578ms] [LOG] [Fast Refresh] done in 94ms @ http://localhost:3000/_next/static/chunks/node_modules_next_dist_1gdrd03._.js:1226
[  325680ms] [INFO] %cDownload the React DevTools for a better development experience: https://react.dev/link/react-devtools font-weight:bold @ http://localhost:3000/_next/static/chunks/node_modules_next_dist_1ybzpk2._.js:2477
[  325758ms] [LOG] [HMR] connected @ http://localhost:3000/_next/static/chunks/node_modules_next_dist_1ybzpk2._.js:2477
[  325836ms] Error: Hydration failed because the server rendered HTML didn't match the client. As a result this tree will be regenerated on the client. This can happen if a SSR-ed Client Component used:

- A server/client branch `if (typeof window !== 'undefined')`.
- Variable input such as `Date.now()` or `Math.random()` which changes each time it's called.
- Date formatting in a user's locale which doesn't match the server.
- External changing data without sending a snapshot of it along with the HTML.
- Invalid HTML tag nesting.

It can also happen if the client has a browser extension installed which messes with the HTML before React loaded.

https://react.dev/link/hydration-mismatch

  ...
    <HTTPAccessFallbackBoundary notFound={{...}} forbidden={undefined} unauthorized={undefined}>
      <HTTPAccessFallbackErrorBoundary pathname="/" notFound={{...}} forbidden={undefined} unauthorized={undefined} ...>
        <RedirectBoundary>
          <RedirectErrorBoundary router={{...}}>
            <InnerLayoutRouter url="/" tree={[...]} params={{}} cacheNode={{rsc:{...}, ...}} segmentPath={[...]} ...>
              <SegmentViewNode type="page" pagePath="page.tsx">
                <SegmentTrieNode>
                <ClientPageRoot Component={function Home} serverProvidedParams={{...}}>
                  <Home params={Promise} searchParams={Promise}>
                    <div className="h-screen f...">
                      <TopBar>
                      <div className="flex-1 fle...">
                        <div>
                        <div>
                        <div className="w-72 flex-...">
                          <div>
                          <div className="h-56 overf...">
                            <div>
                            <Layers>
                              <div
+                               className="space-y-0.5"
-                               className="p-4 text-slate-500 text-sm text-center"
                              >
+                               <div
+                                 onClick={function onClick}
+                                 className="flex items-center gap-2 px-3 py-1.5 cursor-pointer transition-colors roun..."
+                               >
-                               <p className="mt-4">
                                ...
                                ...
                      ...
              ...
            ...

    at throwOnHydrationMismatch (http://localhost:3000/_next/static/chunks/node_modules_next_dist_compiled_react-dom_096_9a-._.js:3318:56)
    at beginWork (http://localhost:3000/_next/static/chunks/node_modules_next_dist_compiled_react-dom_096_9a-._.js:6758:918)
    at runWithFiberInDEV (http://localhost:3000/_next/static/chunks/node_modules_next_dist_compiled_react-dom_096_9a-._.js:965:74)
    at performUnitOfWork (http://localhost:3000/_next/static/chunks/node_modules_next_dist_compiled_react-dom_096_9a-._.js:9555:97)
    at workLoopConcurrentByScheduler (http://localhost:3000/_next/static/chunks/node_modules_next_dist_compiled_react-dom_096_9a-._.js:9551:58)
    at renderRootConcurrent (http://localhost:3000/_next/static/chunks/node_modules_next_dist_compiled_react-dom_096_9a-._.js:9534:71)
    at performWorkOnRoot (http://localhost:3000/_next/static/chunks/node_modules_next_dist_compiled_react-dom_096_9a-._.js:9061:150)
    at performWorkOnRootViaSchedulerTask (http://localhost:3000/_next/static/chunks/node_modules_next_dist_compiled_react-dom_096_9a-._.js:10255:9)
    at MessagePort.performWorkUntilDeadline (http://localhost:3000/_next/static/chunks/node_modules_next_dist_compiled_1amofcm._.js:2647:64)
